<?xml version="1.0" encoding="UTF-8"?>
<testsuite xmlns:xsi="http://www.w3.org/2001/XMLSchema-instance" xsi:noNamespaceSchemaLocation="https://maven.apache.org/surefire/maven-surefire-plugin/xsd/surefire-test-report-3.0.xsd" version="3.0" name="br.com.gubee.interview.core.exceptions.ResourceExceptionHandlerTest" time="0.005" tests="1" errors="0" skipped="0" failures="0">
  <properties>
    <property name="java.specification.version" value="21"/>
    <property name="sun.jnu.encoding" value="UTF-8"/>
    <property name="java.class.path" value="/home/guilhermehermes/Documentos/GitHub/teste-gubee-main/core/target/test-classes:/home/guilhermehermes/Documentos/GitHub/teste-gubee-main/core/target/classes:/home/guilhermehermes/.m2/repository/org/springframework/boot/spring-boot-starter-web/3.1.0/spring-boot-starter-web-3.1.0.jar:/home/guilhermehermes/.m2/repository/org/springframework/boot/spring-boot-starter/3.1.0/spring-boot-starter-3.1.0.jar:/home/guilhermehermes/.m2/repository/org/springframework/boot/spring-boot/3.1.0/spring-boot-3.1.0.jar:/home/guilhermehermes/.m2/repository/org/springframework/boot/spring-boot-autoconfigure/3.1.0/spring-boot-autoconfigure-3.1.0.jar:/home/guilhermehermes/.m2/repository/jakarta/annotation/jakarta.annotation-api/2.1.1/jakarta.annotation-api-2.1.1.jar:/home/guilhermehermes/.m2/repository/org/yaml/snakeyaml/1.33/snakeyaml-1.33.jar:/home/guilhermehermes/.m2/repository/org/springframework/boot/spring-boot-starter-json/3.1.0/spring-boot-starter-json-3.1.0.jar:/home/guilhermehermes/.m2/repository/com/fasterxml/jackson/datatype/jackson-datatype-jdk8/2.15.0/jackson-datatype-jdk8-2.15.0.jar:/home/guilhermehermes/.m2/repository/com/fasterxml/jackson/datatype/jackson-datatype-jsr310/2.15.0/jackson-datatype-jsr310-2.15.0.jar:/home/guilhermehermes/.m2/repository/com/fasterxml/jackson/module/jackson-module-parameter-names/2.15.0/jackson-module-parameter-names-2.15.0.jar:/home/guilhermehermes/.m2/repository/org/springframework/boot/spring-boot-starter-tomcat/3.1.0/spring-boot-starter-tomcat-3.1.0.jar:/home/guilhermehermes/.m2/repository/org/apache/tomcat/embed/tomcat-embed-core/10.1.8/tomcat-embed-core-10.1.8.jar:/home/guilhermehermes/.m2/repository/org/apache/tomcat/embed/tomcat-embed-el/10.1.8/tomcat-embed-el-10.1.8.jar:/home/guilhermehermes/.m2/repository/org/apache/tomcat/embed/tomcat-embed-websocket/10.1.8/tomcat-embed-websocket-10.1.8.jar:/home/guilhermehermes/.m2/repository/org/springframework/spring-web/6.0.9/spring-web-6.0.9.jar:/home/guilhermehermes/.m2/repository/org/springframework/spring-beans/6.0.9/spring-beans-6.0.9.jar:/home/guilhermehermes/.m2/repository/io/micrometer/micrometer-observation/1.11.0/micrometer-observation-1.11.0.jar:/home/guilhermehermes/.m2/repository/io/micrometer/micrometer-commons/1.11.0/micrometer-commons-1.11.0.jar:/home/guilhermehermes/.m2/repository/org/springframework/spring-webmvc/6.0.9/spring-webmvc-6.0.9.jar:/home/guilhermehermes/.m2/repository/org/springframework/spring-aop/6.0.9/spring-aop-6.0.9.jar:/home/guilhermehermes/.m2/repository/org/springframework/spring-context/6.0.9/spring-context-6.0.9.jar:/home/guilhermehermes/.m2/repository/org/springframework/spring-expression/6.0.9/spring-expression-6.0.9.jar:/home/guilhermehermes/.m2/repository/org/springframework/boot/spring-boot-starter-log4j2/3.1.0/spring-boot-starter-log4j2-3.1.0.jar:/home/guilhermehermes/.m2/repository/org/apache/logging/log4j/log4j-slf4j2-impl/2.20.0/log4j-slf4j2-impl-2.20.0.jar:/home/guilhermehermes/.m2/repository/org/apache/logging/log4j/log4j-api/2.20.0/log4j-api-2.20.0.jar:/home/guilhermehermes/.m2/repository/org/apache/logging/log4j/log4j-core/2.20.0/log4j-core-2.20.0.jar:/home/guilhermehermes/.m2/repository/org/apache/logging/log4j/log4j-jul/2.20.0/log4j-jul-2.20.0.jar:/home/guilhermehermes/.m2/repository/com/fasterxml/jackson/core/jackson-databind/2.15.0/jackson-databind-2.15.0.jar:/home/guilhermehermes/.m2/repository/com/fasterxml/jackson/core/jackson-annotations/2.15.0/jackson-annotations-2.15.0.jar:/home/guilhermehermes/.m2/repository/com/fasterxml/jackson/core/jackson-core/2.15.0/jackson-core-2.15.0.jar:/home/guilhermehermes/Documentos/GitHub/teste-gubee-main/model/target/teste-gubee-model-1.0.0-SNAPSHOT.jar:/home/guilhermehermes/.m2/repository/jakarta/validation/jakarta.validation-api/3.0.2/jakarta.validation-api-3.0.2.jar:/home/guilhermehermes/.m2/repository/org/hibernate/validator/hibernate-validator/8.0.0.Final/hibernate-validator-8.0.0.Final.jar:/home/guilhermehermes/.m2/repository/org/jboss/logging/jboss-logging/3.5.0.Final/jboss-logging-3.5.0.Final.jar:/home/guilhermehermes/.m2/repository/com/fasterxml/classmate/1.5.1/classmate-1.5.1.jar:/home/guilhermehermes/.m2/repository/org/hibernate/validator/hibernate-validator-annotation-processor/8.0.0.Final/hibernate-validator-annotation-processor-8.0.0.Final.jar:/home/guilhermehermes/.m2/repository/com/lmax/disruptor/3.4.2/disruptor-3.4.2.jar:/home/guilhermehermes/.m2/repository/org/modelmapper/modelmapper/3.0.0/modelmapper-3.0.0.jar:/home/guilhermehermes/.m2/repository/org/springframework/boot/spring-boot-starter-test/3.1.0/spring-boot-starter-test-3.1.0.jar:/home/guilhermehermes/.m2/repository/org/springframework/boot/spring-boot-test/3.1.0/spring-boot-test-3.1.0.jar:/home/guilhermehermes/.m2/repository/org/springframework/boot/spring-boot-test-autoconfigure/3.1.0/spring-boot-test-autoconfigure-3.1.0.jar:/home/guilhermehermes/.m2/repository/com/jayway/jsonpath/json-path/2.8.0/json-path-2.8.0.jar:/home/guilhermehermes/.m2/repository/jakarta/xml/bind/jakarta.xml.bind-api/4.0.0/jakarta.xml.bind-api-4.0.0.jar:/home/guilhermehermes/.m2/repository/jakarta/activation/jakarta.activation-api/2.1.2/jakarta.activation-api-2.1.2.jar:/home/guilhermehermes/.m2/repository/net/minidev/json-smart/2.4.10/json-smart-2.4.10.jar:/home/guilhermehermes/.m2/repository/net/minidev/accessors-smart/2.4.9/accessors-smart-2.4.9.jar:/home/guilhermehermes/.m2/repository/org/ow2/asm/asm/9.3/asm-9.3.jar:/home/guilhermehermes/.m2/repository/org/assertj/assertj-core/3.24.2/assertj-core-3.24.2.jar:/home/guilhermehermes/.m2/repository/net/bytebuddy/byte-buddy/1.14.4/byte-buddy-1.14.4.jar:/home/guilhermehermes/.m2/repository/org/hamcrest/hamcrest/2.2/hamcrest-2.2.jar:/home/guilhermehermes/.m2/repository/org/junit/jupiter/junit-jupiter/5.9.3/junit-jupiter-5.9.3.jar:/home/guilhermehermes/.m2/repository/org/junit/jupiter/junit-jupiter-api/5.9.3/junit-jupiter-api-5.9.3.jar:/home/guilhermehermes/.m2/repository/org/opentest4j/opentest4j/1.2.0/opentest4j-1.2.0.jar:/home/guilhermehermes/.m2/repository/org/junit/platform/junit-platform-commons/1.9.3/junit-platform-commons-1.9.3.jar:/home/guilhermehermes/.m2/repository/org/apiguardian/apiguardian-api/1.1.2/apiguardian-api-1.1.2.jar:/home/guilhermehermes/.m2/repository/org/junit/jupiter/junit-jupiter-params/5.9.3/junit-jupiter-params-5.9.3.jar:/home/guilhermehermes/.m2/repository/org/junit/jupiter/junit-jupiter-engine/5.9.3/junit-jupiter-engine-5.9.3.jar:/home/guilhermehermes/.m2/repository/org/junit/platform/junit-platform-engine/1.9.3/junit-platform-engine-1.9.3.jar:/home/guilhermehermes/.m2/repository/org/mockito/mockito-core/5.3.1/mockito-core-5.3.1.jar:/home/guilhermehermes/.m2/repository/net/bytebuddy/byte-buddy-agent/1.14.4/byte-buddy-agent-1.14.4.jar:/home/guilhermehermes/.m2/repository/org/objenesis/objenesis/3.3/objenesis-3.3.jar:/home/guilhermehermes/.m2/repository/org/mockito/mockito-junit-jupiter/5.3.1/mockito-junit-jupiter-5.3.1.jar:/home/guilhermehermes/.m2/repository/org/skyscreamer/jsonassert/1.5.1/jsonassert-1.5.1.jar:/home/guilhermehermes/.m2/repository/com/vaadin/external/google/android-json/0.0.20131108.vaadin1/android-json-0.0.20131108.vaadin1.jar:/home/guilhermehermes/.m2/repository/org/springframework/spring-core/6.0.9/spring-core-6.0.9.jar:/home/guilhermehermes/.m2/repository/org/springframework/spring-jcl/6.0.9/spring-jcl-6.0.9.jar:/home/guilhermehermes/.m2/repository/org/springframework/spring-test/6.0.9/spring-test-6.0.9.jar:/home/guilhermehermes/.m2/repository/org/xmlunit/xmlunit-core/2.9.1/xmlunit-core-2.9.1.jar:/home/guilhermehermes/.m2/repository/junit/junit/4.13.2/junit-4.13.2.jar:/home/guilhermehermes/.m2/repository/org/hamcrest/hamcrest-core/2.2/hamcrest-core-2.2.jar:/home/guilhermehermes/.m2/repository/org/testcontainers/testcontainers/1.19.8/testcontainers-1.19.8.jar:/home/guilhermehermes/.m2/repository/org/slf4j/slf4j-api/2.0.7/slf4j-api-2.0.7.jar:/home/guilhermehermes/.m2/repository/org/apache/commons/commons-compress/1.24.0/commons-compress-1.24.0.jar:/home/guilhermehermes/.m2/repository/org/rnorth/duct-tape/duct-tape/1.0.8/duct-tape-1.0.8.jar:/home/guilhermehermes/.m2/repository/org/jetbrains/annotations/17.0.0/annotations-17.0.0.jar:/home/guilhermehermes/.m2/repository/com/github/docker-java/docker-java-api/3.3.6/docker-java-api-3.3.6.jar:/home/guilhermehermes/.m2/repository/com/github/docker-java/docker-java-transport-zerodep/3.3.6/docker-java-transport-zerodep-3.3.6.jar:/home/guilhermehermes/.m2/repository/com/github/docker-java/docker-java-transport/3.3.6/docker-java-transport-3.3.6.jar:/home/guilhermehermes/.m2/repository/net/java/dev/jna/jna/5.13.0/jna-5.13.0.jar:/home/guilhermehermes/.m2/repository/org/testcontainers/mongodb/1.19.8/mongodb-1.19.8.jar:/home/guilhermehermes/.m2/repository/org/testcontainers/junit-jupiter/1.19.8/junit-jupiter-1.19.8.jar:/home/guilhermehermes/.m2/repository/org/springframework/boot/spring-boot-starter-data-mongodb/3.1.0/spring-boot-starter-data-mongodb-3.1.0.jar:/home/guilhermehermes/.m2/repository/org/mongodb/mongodb-driver-sync/4.9.1/mongodb-driver-sync-4.9.1.jar:/home/guilhermehermes/.m2/repository/org/mongodb/bson/4.9.1/bson-4.9.1.jar:/home/guilhermehermes/.m2/repository/org/mongodb/mongodb-driver-core/4.9.1/mongodb-driver-core-4.9.1.jar:/home/guilhermehermes/.m2/repository/org/mongodb/bson-record-codec/4.9.1/bson-record-codec-4.9.1.jar:/home/guilhermehermes/.m2/repository/org/springframework/data/spring-data-mongodb/4.1.0/spring-data-mongodb-4.1.0.jar:/home/guilhermehermes/.m2/repository/org/springframework/spring-tx/6.0.9/spring-tx-6.0.9.jar:/home/guilhermehermes/.m2/repository/org/springframework/data/spring-data-commons/3.1.0/spring-data-commons-3.1.0.jar:/home/guilhermehermes/.m2/repository/javax/validation/validation-api/2.0.1.Final/validation-api-2.0.1.Final.jar:/home/guilhermehermes/.m2/repository/org/springdoc/springdoc-openapi-starter-webmvc-ui/2.2.0/springdoc-openapi-starter-webmvc-ui-2.2.0.jar:/home/guilhermehermes/.m2/repository/org/springdoc/springdoc-openapi-starter-webmvc-api/2.2.0/springdoc-openapi-starter-webmvc-api-2.2.0.jar:/home/guilhermehermes/.m2/repository/org/springdoc/springdoc-openapi-starter-common/2.2.0/springdoc-openapi-starter-common-2.2.0.jar:/home/guilhermehermes/.m2/repository/io/swagger/core/v3/swagger-core-jakarta/2.2.15/swagger-core-jakarta-2.2.15.jar:/home/guilhermehermes/.m2/repository/org/apache/commons/commons-lang3/3.12.0/commons-lang3-3.12.0.jar:/home/guilhermehermes/.m2/repository/io/swagger/core/v3/swagger-annotations-jakarta/2.2.15/swagger-annotations-jakarta-2.2.15.jar:/home/guilhermehermes/.m2/repository/io/swagger/core/v3/swagger-models-jakarta/2.2.15/swagger-models-jakarta-2.2.15.jar:/home/guilhermehermes/.m2/repository/com/fasterxml/jackson/dataformat/jackson-dataformat-yaml/2.15.0/jackson-dataformat-yaml-2.15.0.jar:/home/guilhermehermes/.m2/repository/org/webjars/swagger-ui/5.2.0/swagger-ui-5.2.0.jar:"/>
    <property name="java.vm.vendor" value="Ubuntu"/>
    <property name="sun.arch.data.model" value="64"/>
    <property name="java.vendor.url" value="https://ubuntu.com/"/>
    <property name="catalina.useNaming" value="false"/>
    <property name="user.timezone" value="America/Fortaleza"/>
    <property name="os.name" value="Linux"/>
    <property name="java.vm.specification.version" value="21"/>
    <property name="sun.java.launcher" value="SUN_STANDARD"/>
    <property name="user.country" value="BR"/>
    <property name="sun.boot.library.path" value="/usr/lib/jvm/java-21-openjdk-amd64/lib"/>
    <property name="sun.java.command" value="/home/guilhermehermes/Documentos/GitHub/teste-gubee-main/core/target/surefire/surefirebooter-20241002154211168_3.jar /home/guilhermehermes/Documentos/GitHub/teste-gubee-main/core/target/surefire 2024-10-02T15-42-08_126-jvmRun1 surefire-20241002154211168_1tmp surefire_0-20241002154211168_2tmp"/>
    <property name="jdk.debug" value="release"/>
    <property name="surefire.test.class.path" value="/home/guilhermehermes/Documentos/GitHub/teste-gubee-main/core/target/test-classes:/home/guilhermehermes/Documentos/GitHub/teste-gubee-main/core/target/classes:/home/guilhermehermes/.m2/repository/org/springframework/boot/spring-boot-starter-web/3.1.0/spring-boot-starter-web-3.1.0.jar:/home/guilhermehermes/.m2/repository/org/springframework/boot/spring-boot-starter/3.1.0/spring-boot-starter-3.1.0.jar:/home/guilhermehermes/.m2/repository/org/springframework/boot/spring-boot/3.1.0/spring-boot-3.1.0.jar:/home/guilhermehermes/.m2/repository/org/springframework/boot/spring-boot-autoconfigure/3.1.0/spring-boot-autoconfigure-3.1.0.jar:/home/guilhermehermes/.m2/repository/jakarta/annotation/jakarta.annotation-api/2.1.1/jakarta.annotation-api-2.1.1.jar:/home/guilhermehermes/.m2/repository/org/yaml/snakeyaml/1.33/snakeyaml-1.33.jar:/home/guilhermehermes/.m2/repository/org/springframework/boot/spring-boot-starter-json/3.1.0/spring-boot-starter-json-3.1.0.jar:/home/guilhermehermes/.m2/repository/com/fasterxml/jackson/datatype/jackson-datatype-jdk8/2.15.0/jackson-datatype-jdk8-2.15.0.jar:/home/guilhermehermes/.m2/repository/com/fasterxml/jackson/datatype/jackson-datatype-jsr310/2.15.0/jackson-datatype-jsr310-2.15.0.jar:/home/guilhermehermes/.m2/repository/com/fasterxml/jackson/module/jackson-module-parameter-names/2.15.0/jackson-module-parameter-names-2.15.0.jar:/home/guilhermehermes/.m2/repository/org/springframework/boot/spring-boot-starter-tomcat/3.1.0/spring-boot-starter-tomcat-3.1.0.jar:/home/guilhermehermes/.m2/repository/org/apache/tomcat/embed/tomcat-embed-core/10.1.8/tomcat-embed-core-10.1.8.jar:/home/guilhermehermes/.m2/repository/org/apache/tomcat/embed/tomcat-embed-el/10.1.8/tomcat-embed-el-10.1.8.jar:/home/guilhermehermes/.m2/repository/org/apache/tomcat/embed/tomcat-embed-websocket/10.1.8/tomcat-embed-websocket-10.1.8.jar:/home/guilhermehermes/.m2/repository/org/springframework/spring-web/6.0.9/spring-web-6.0.9.jar:/home/guilhermehermes/.m2/repository/org/springframework/spring-beans/6.0.9/spring-beans-6.0.9.jar:/home/guilhermehermes/.m2/repository/io/micrometer/micrometer-observation/1.11.0/micrometer-observation-1.11.0.jar:/home/guilhermehermes/.m2/repository/io/micrometer/micrometer-commons/1.11.0/micrometer-commons-1.11.0.jar:/home/guilhermehermes/.m2/repository/org/springframework/spring-webmvc/6.0.9/spring-webmvc-6.0.9.jar:/home/guilhermehermes/.m2/repository/org/springframework/spring-aop/6.0.9/spring-aop-6.0.9.jar:/home/guilhermehermes/.m2/repository/org/springframework/spring-context/6.0.9/spring-context-6.0.9.jar:/home/guilhermehermes/.m2/repository/org/springframework/spring-expression/6.0.9/spring-expression-6.0.9.jar:/home/guilhermehermes/.m2/repository/org/springframework/boot/spring-boot-starter-log4j2/3.1.0/spring-boot-starter-log4j2-3.1.0.jar:/home/guilhermehermes/.m2/repository/org/apache/logging/log4j/log4j-slf4j2-impl/2.20.0/log4j-slf4j2-impl-2.20.0.jar:/home/guilhermehermes/.m2/repository/org/apache/logging/log4j/log4j-api/2.20.0/log4j-api-2.20.0.jar:/home/guilhermehermes/.m2/repository/org/apache/logging/log4j/log4j-core/2.20.0/log4j-core-2.20.0.jar:/home/guilhermehermes/.m2/repository/org/apache/logging/log4j/log4j-jul/2.20.0/log4j-jul-2.20.0.jar:/home/guilhermehermes/.m2/repository/com/fasterxml/jackson/core/jackson-databind/2.15.0/jackson-databind-2.15.0.jar:/home/guilhermehermes/.m2/repository/com/fasterxml/jackson/core/jackson-annotations/2.15.0/jackson-annotations-2.15.0.jar:/home/guilhermehermes/.m2/repository/com/fasterxml/jackson/core/jackson-core/2.15.0/jackson-core-2.15.0.jar:/home/guilhermehermes/Documentos/GitHub/teste-gubee-main/model/target/teste-gubee-model-1.0.0-SNAPSHOT.jar:/home/guilhermehermes/.m2/repository/jakarta/validation/jakarta.validation-api/3.0.2/jakarta.validation-api-3.0.2.jar:/home/guilhermehermes/.m2/repository/org/hibernate/validator/hibernate-validator/8.0.0.Final/hibernate-validator-8.0.0.Final.jar:/home/guilhermehermes/.m2/repository/org/jboss/logging/jboss-logging/3.5.0.Final/jboss-logging-3.5.0.Final.jar:/home/guilhermehermes/.m2/repository/com/fasterxml/classmate/1.5.1/classmate-1.5.1.jar:/home/guilhermehermes/.m2/repository/org/hibernate/validator/hibernate-validator-annotation-processor/8.0.0.Final/hibernate-validator-annotation-processor-8.0.0.Final.jar:/home/guilhermehermes/.m2/repository/com/lmax/disruptor/3.4.2/disruptor-3.4.2.jar:/home/guilhermehermes/.m2/repository/org/modelmapper/modelmapper/3.0.0/modelmapper-3.0.0.jar:/home/guilhermehermes/.m2/repository/org/springframework/boot/spring-boot-starter-test/3.1.0/spring-boot-starter-test-3.1.0.jar:/home/guilhermehermes/.m2/repository/org/springframework/boot/spring-boot-test/3.1.0/spring-boot-test-3.1.0.jar:/home/guilhermehermes/.m2/repository/org/springframework/boot/spring-boot-test-autoconfigure/3.1.0/spring-boot-test-autoconfigure-3.1.0.jar:/home/guilhermehermes/.m2/repository/com/jayway/jsonpath/json-path/2.8.0/json-path-2.8.0.jar:/home/guilhermehermes/.m2/repository/jakarta/xml/bind/jakarta.xml.bind-api/4.0.0/jakarta.xml.bind-api-4.0.0.jar:/home/guilhermehermes/.m2/repository/jakarta/activation/jakarta.activation-api/2.1.2/jakarta.activation-api-2.1.2.jar:/home/guilhermehermes/.m2/repository/net/minidev/json-smart/2.4.10/json-smart-2.4.10.jar:/home/guilhermehermes/.m2/repository/net/minidev/accessors-smart/2.4.9/accessors-smart-2.4.9.jar:/home/guilhermehermes/.m2/repository/org/ow2/asm/asm/9.3/asm-9.3.jar:/home/guilhermehermes/.m2/repository/org/assertj/assertj-core/3.24.2/assertj-core-3.24.2.jar:/home/guilhermehermes/.m2/repository/net/bytebuddy/byte-buddy/1.14.4/byte-buddy-1.14.4.jar:/home/guilhermehermes/.m2/repository/org/hamcrest/hamcrest/2.2/hamcrest-2.2.jar:/home/guilhermehermes/.m2/repository/org/junit/jupiter/junit-jupiter/5.9.3/junit-jupiter-5.9.3.jar:/home/guilhermehermes/.m2/repository/org/junit/jupiter/junit-jupiter-api/5.9.3/junit-jupiter-api-5.9.3.jar:/home/guilhermehermes/.m2/repository/org/opentest4j/opentest4j/1.2.0/opentest4j-1.2.0.jar:/home/guilhermehermes/.m2/repository/org/junit/platform/junit-platform-commons/1.9.3/junit-platform-commons-1.9.3.jar:/home/guilhermehermes/.m2/repository/org/apiguardian/apiguardian-api/1.1.2/apiguardian-api-1.1.2.jar:/home/guilhermehermes/.m2/repository/org/junit/jupiter/junit-jupiter-params/5.9.3/junit-jupiter-params-5.9.3.jar:/home/guilhermehermes/.m2/repository/org/junit/jupiter/junit-jupiter-engine/5.9.3/junit-jupiter-engine-5.9.3.jar:/home/guilhermehermes/.m2/repository/org/junit/platform/junit-platform-engine/1.9.3/junit-platform-engine-1.9.3.jar:/home/guilhermehermes/.m2/repository/org/mockito/mockito-core/5.3.1/mockito-core-5.3.1.jar:/home/guilhermehermes/.m2/repository/net/bytebuddy/byte-buddy-agent/1.14.4/byte-buddy-agent-1.14.4.jar:/home/guilhermehermes/.m2/repository/org/objenesis/objenesis/3.3/objenesis-3.3.jar:/home/guilhermehermes/.m2/repository/org/mockito/mockito-junit-jupiter/5.3.1/mockito-junit-jupiter-5.3.1.jar:/home/guilhermehermes/.m2/repository/org/skyscreamer/jsonassert/1.5.1/jsonassert-1.5.1.jar:/home/guilhermehermes/.m2/repository/com/vaadin/external/google/android-json/0.0.20131108.vaadin1/android-json-0.0.20131108.vaadin1.jar:/home/guilhermehermes/.m2/repository/org/springframework/spring-core/6.0.9/spring-core-6.0.9.jar:/home/guilhermehermes/.m2/repository/org/springframework/spring-jcl/6.0.9/spring-jcl-6.0.9.jar:/home/guilhermehermes/.m2/repository/org/springframework/spring-test/6.0.9/spring-test-6.0.9.jar:/home/guilhermehermes/.m2/repository/org/xmlunit/xmlunit-core/2.9.1/xmlunit-core-2.9.1.jar:/home/guilhermehermes/.m2/repository/junit/junit/4.13.2/junit-4.13.2.jar:/home/guilhermehermes/.m2/repository/org/hamcrest/hamcrest-core/2.2/hamcrest-core-2.2.jar:/home/guilhermehermes/.m2/repository/org/testcontainers/testcontainers/1.19.8/testcontainers-1.19.8.jar:/home/guilhermehermes/.m2/repository/org/slf4j/slf4j-api/2.0.7/slf4j-api-2.0.7.jar:/home/guilhermehermes/.m2/repository/org/apache/commons/commons-compress/1.24.0/commons-compress-1.24.0.jar:/home/guilhermehermes/.m2/repository/org/rnorth/duct-tape/duct-tape/1.0.8/duct-tape-1.0.8.jar:/home/guilhermehermes/.m2/repository/org/jetbrains/annotations/17.0.0/annotations-17.0.0.jar:/home/guilhermehermes/.m2/repository/com/github/docker-java/docker-java-api/3.3.6/docker-java-api-3.3.6.jar:/home/guilhermehermes/.m2/repository/com/github/docker-java/docker-java-transport-zerodep/3.3.6/docker-java-transport-zerodep-3.3.6.jar:/home/guilhermehermes/.m2/repository/com/github/docker-java/docker-java-transport/3.3.6/docker-java-transport-3.3.6.jar:/home/guilhermehermes/.m2/repository/net/java/dev/jna/jna/5.13.0/jna-5.13.0.jar:/home/guilhermehermes/.m2/repository/org/testcontainers/mongodb/1.19.8/mongodb-1.19.8.jar:/home/guilhermehermes/.m2/repository/org/testcontainers/junit-jupiter/1.19.8/junit-jupiter-1.19.8.jar:/home/guilhermehermes/.m2/repository/org/springframework/boot/spring-boot-starter-data-mongodb/3.1.0/spring-boot-starter-data-mongodb-3.1.0.jar:/home/guilhermehermes/.m2/repository/org/mongodb/mongodb-driver-sync/4.9.1/mongodb-driver-sync-4.9.1.jar:/home/guilhermehermes/.m2/repository/org/mongodb/bson/4.9.1/bson-4.9.1.jar:/home/guilhermehermes/.m2/repository/org/mongodb/mongodb-driver-core/4.9.1/mongodb-driver-core-4.9.1.jar:/home/guilhermehermes/.m2/repository/org/mongodb/bson-record-codec/4.9.1/bson-record-codec-4.9.1.jar:/home/guilhermehermes/.m2/repository/org/springframework/data/spring-data-mongodb/4.1.0/spring-data-mongodb-4.1.0.jar:/home/guilhermehermes/.m2/repository/org/springframework/spring-tx/6.0.9/spring-tx-6.0.9.jar:/home/guilhermehermes/.m2/repository/org/springframework/data/spring-data-commons/3.1.0/spring-data-commons-3.1.0.jar:/home/guilhermehermes/.m2/repository/javax/validation/validation-api/2.0.1.Final/validation-api-2.0.1.Final.jar:/home/guilhermehermes/.m2/repository/org/springdoc/springdoc-openapi-starter-webmvc-ui/2.2.0/springdoc-openapi-starter-webmvc-ui-2.2.0.jar:/home/guilhermehermes/.m2/repository/org/springdoc/springdoc-openapi-starter-webmvc-api/2.2.0/springdoc-openapi-starter-webmvc-api-2.2.0.jar:/home/guilhermehermes/.m2/repository/org/springdoc/springdoc-openapi-starter-common/2.2.0/springdoc-openapi-starter-common-2.2.0.jar:/home/guilhermehermes/.m2/repository/io/swagger/core/v3/swagger-core-jakarta/2.2.15/swagger-core-jakarta-2.2.15.jar:/home/guilhermehermes/.m2/repository/org/apache/commons/commons-lang3/3.12.0/commons-lang3-3.12.0.jar:/home/guilhermehermes/.m2/repository/io/swagger/core/v3/swagger-annotations-jakarta/2.2.15/swagger-annotations-jakarta-2.2.15.jar:/home/guilhermehermes/.m2/repository/io/swagger/core/v3/swagger-models-jakarta/2.2.15/swagger-models-jakarta-2.2.15.jar:/home/guilhermehermes/.m2/repository/com/fasterxml/jackson/dataformat/jackson-dataformat-yaml/2.15.0/jackson-dataformat-yaml-2.15.0.jar:/home/guilhermehermes/.m2/repository/org/webjars/swagger-ui/5.2.0/swagger-ui-5.2.0.jar:"/>
    <property name="sun.cpu.endian" value="little"/>
    <property name="user.home" value="/home/guilhermehermes"/>
    <property name="user.language" value="pt"/>
    <property name="java.specification.vendor" value="Oracle Corporation"/>
    <property name="java.version.date" value="2024-07-16"/>
    <property name="java.home" value="/usr/lib/jvm/java-21-openjdk-amd64"/>
    <property name="file.separator" value="/"/>
    <property name="basedir" value="/home/guilhermehermes/Documentos/GitHub/teste-gubee-main/core"/>
    <property name="java.vm.compressedOopsMode" value="Zero based"/>
    <property name="line.separator" value="&#10;"/>
    <property name="java.specification.name" value="Java Platform API Specification"/>
    <property name="java.vm.specification.vendor" value="Oracle Corporation"/>
    <property name="FILE_LOG_CHARSET" value="UTF-8"/>
    <property name="java.awt.headless" value="true"/>
    <property name="surefire.real.class.path" value="/home/guilhermehermes/Documentos/GitHub/teste-gubee-main/core/target/surefire/surefirebooter-20241002154211168_3.jar"/>
    <property name="sun.management.compiler" value="HotSpot 64-Bit Tiered Compilers"/>
    <property name="java.runtime.version" value="21.0.4+7-Ubuntu-1ubuntu222.04"/>
    <property name="user.name" value="guilhermehermes"/>
    <property name="stdout.encoding" value="UTF-8"/>
    <property name="path.separator" value=":"/>
    <property name="os.version" value="6.9.3-76060903-generic"/>
    <property name="java.runtime.name" value="OpenJDK Runtime Environment"/>
    <property name="file.encoding" value="UTF-8"/>
    <property name="jnidispatch.path" value="/home/guilhermehermes/.cache/JNA/temp/jna6881487920233700007.tmp"/>
    <property name="java.vm.name" value="OpenJDK 64-Bit Server VM"/>
    <property name="jna.platform.library.path" value="/usr/lib/x86_64-linux-gnu:/lib/x86_64-linux-gnu:/usr/lib64:/lib64:/usr/lib:/lib:/usr/lib/x86_64-linux-gnu/pipewire-0.3/jack:/usr/lib/x86_64-linux-gnu/libfakeroot"/>
    <property name="localRepository" value="/home/guilhermehermes/.m2/repository"/>
    <property name="jna.loaded" value="true"/>
    <property name="java.vendor.url.bug" value="https://bugs.launchpad.net/ubuntu/+source/openjdk-21"/>
    <property name="java.io.tmpdir" value="/tmp"/>
    <property name="catalina.home" value="/tmp/tomcat.0.4165474139448481860"/>
    <property name="java.version" value="21.0.4"/>
    <property name="user.dir" value="/home/guilhermehermes/Documentos/GitHub/teste-gubee-main/core"/>
    <property name="os.arch" value="amd64"/>
    <property name="java.vm.specification.name" value="Java Virtual Machine Specification"/>
    <property name="PID" value="73125"/>
    <property name="CONSOLE_LOG_CHARSET" value="UTF-8"/>
    <property name="catalina.base" value="/tmp/tomcat.0.4165474139448481860"/>
    <property name="native.encoding" value="UTF-8"/>
    <property name="java.library.path" value="/usr/java/packages/lib:/usr/lib/x86_64-linux-gnu/jni:/lib/x86_64-linux-gnu:/usr/lib/x86_64-linux-gnu:/usr/lib/jni:/lib:/usr/lib"/>
    <property name="java.vm.info" value="mixed mode, sharing"/>
    <property name="stderr.encoding" value="UTF-8"/>
    <property name="java.vendor" value="Ubuntu"/>
    <property name="java.vm.version" value="21.0.4+7-Ubuntu-1ubuntu222.04"/>
    <property name="sun.io.unicode.encoding" value="UnicodeLittle"/>
    <property name="java.class.version" value="65.0"/>
  </properties>
  <testcase name="objectNotFound" classname="br.com.gubee.interview.core.exceptions.ResourceExceptionHandlerTest" time="0.005"/>
</testsuite>